[INFO ] 2022-11-19 09:53:38.510 [main] Log - 1. Running Login
[INFO ] 2022-11-19 09:53:49.657 [main] Log - 2. Running pimPage
[INFO ] 2022-11-19 09:54:01.331 [main] Log - 3. Running adminPage
[INFO ] 2022-11-19 09:58:09 [main] Log - 1. Running Login
[INFO ] 2022-11-19 09:58:20 [main] Log - 2. Running pimPage
[INFO ] 2022-11-19 09:58:32 [main] Log - 3. Running adminPage
[INFO ] 2022-11-19 10:01:26 [main] Log - 1. Running Login
[INFO ] 2022-11-19 10:01:40 [main] Log - 2. Running pimPage
[INFO ] 2022-11-19 10:01:52 [main] Log - 3. Running adminPage
[INFO ] 2022-11-19 16:13:34 [main] Log - 1. Running Login
[INFO ] 2022-11-19 16:17:29 [main] Log - 1. Running Login
[INFO ] 2022-11-19 16:22:00 [main] Log - 1. Running Login
[INFO ] 2022-11-19 16:51:38 [main] Log - 4. Checking Performance
[INFO ] 2022-11-19 16:53:56 [main] Log - 4. Checking Performance
[INFO ] 2022-11-19 16:56:37 [main] Log - 4. Checking Performance
[INFO ] 2022-11-19 17:05:41 [main] Log - 4. Checking Performance
[INFO ] 2022-11-19 17:18:16 [main] Log - 4. Checking Performance
[INFO ] 2022-11-19 17:22:19 [main] Log - 4. Checking Performance
[INFO ] 2022-11-19 17:22:48 [main] Log - 4. Checking Performance
[INFO ] 2022-11-19 17:23:33 [main] Log - 4. Checking Performance
[INFO ] 2022-11-19 17:25:21 [main] Log - 4. Checking Performance
[INFO ] 2022-11-19 17:37:05 [main] Log - 4. Checking Performance
[INFO ] 2022-11-19 17:49:50 [main] Log - 4. Checking Performance
[INFO ] 2022-11-19 17:50:27 [main] Log - 1. Running Login
[INFO ] 2022-11-19 17:50:41 [main] Log - 2. Running pimPage
[INFO ] 2022-11-19 17:52:11 [main] Log - 3. Running adminPage
[INFO ] 2022-11-19 17:52:41 [main] Log - 4. Checking Performance
[INFO ] 2022-11-19 18:27:10 [main] Log - 1. Running Login
[INFO ] 2022-11-19 18:27:23 [main] Log - 2. Running pimPage
[INFO ] 2022-11-19 18:27:32 [main] Log - 3. Running adminPage
[INFO ] 2022-11-19 18:29:02 [main] Log - 4. Checking Performance
[INFO ] 2022-11-19 18:29:48 [main] Log - 1. Running Login
[INFO ] 2022-11-19 18:30:02 [main] Log - 2. Running pimPage
[INFO ] 2022-11-19 18:30:11 [main] Log - 3. Running adminPage
[INFO ] 2022-11-19 18:30:33 [main] Log - 4. Checking Performance
[INFO ] 2022-11-19 18:31:10 [main] Log - 1. Running Login
[INFO ] 2022-11-19 18:31:24 [main] Log - 2. Running pimPage
[INFO ] 2022-11-19 18:31:33 [main] Log - 3. Running adminPage
[INFO ] 2022-11-19 18:31:50 [main] Log - 4. Checking Performance
[INFO ] 2022-11-23 08:29:31 [main] Log - 1. Running Login
[INFO ] 2022-11-23 08:55:13 [main] Log - Starting automation Test!
[INFO ] 2022-11-23 08:55:17 [main] Log - 1. Running Login
[INFO ] 2022-11-23 08:55:47 [main] Log - Testcase is failed: login
[INFO ] 2022-11-23 08:55:47 [main] Log - Screenshot taken: login
[INFO ] 2022-11-23 08:55:47 [main] Log - 2. Running pimPage
[INFO ] 2022-11-23 08:55:47 [main] Log - Testcase is failed: pimPage
[INFO ] 2022-11-23 08:55:47 [main] Log - Screenshot taken: pimPage
[INFO ] 2022-11-23 08:55:47 [main] Log - 3. Running adminPage
[INFO ] 2022-11-23 08:56:11 [main] Log - Testcase is failed: adminPage
[INFO ] 2022-11-23 08:56:11 [main] Log - 4. Checking Performance
[INFO ] 2022-11-23 08:56:23 [main] Log - Starting automation Test!
[INFO ] 2022-11-23 08:56:26 [main] Log - 1. Running Login
[INFO ] 2022-11-23 08:56:40 [main] Log - Testcase is failed: login
[INFO ] 2022-11-23 08:56:40 [main] Log - Screenshot taken: login
[INFO ] 2022-11-23 08:56:40 [main] Log - 2. Running pimPage
[INFO ] 2022-11-23 08:56:48 [main] Log - Testcase is passed: pimPage
[INFO ] 2022-11-23 08:56:48 [main] Log - 3. Running adminPage
[INFO ] 2022-11-23 08:57:03 [main] Log - Testcase is passed: adminPage
[INFO ] 2022-11-23 08:57:03 [main] Log - 4. Checking Performance
[INFO ] 2022-11-23 08:57:12 [main] Log - Testcase is passed: performancePage
[INFO ] 2022-11-23 08:57:12 [main] Log - ################### Running Completed! ###################
