[INFO ] 2023-02-21 10:12:19 [main] Log - ################### Starting automation Test! ###################
[INFO ] 2023-02-21 10:12:33 [main] Log - 1. Running Login
[INFO ] 2023-02-21 10:12:33 [main] Log -  - Nhập username
[INFO ] 2023-02-21 10:12:34 [main] Log -  - Nhập password
[INFO ] 2023-02-21 10:12:35 [main] Log -  - Nhấn Login
[INFO ] 2023-02-21 10:12:37 [main] Log -  - Login thành công
[INFO ] 2023-02-21 10:12:37 [main] Log - #######  Testcase is passed: login #######
[INFO ] 2023-02-21 10:12:37 [main] Log - 2. Running pimPage
[INFO ] 2023-02-21 10:12:37 [main] Log -  - Clicking to PIM
[INFO ] 2023-02-21 10:12:39 [main] Log -  - Clicking to Add New User
[INFO ] 2023-02-21 10:12:41 [main] Log - #######  Testcase is failed: pimPage #######
[INFO ] 2023-02-21 10:12:41 [main] Log -   Screenshot taken: pimPage
[INFO ] 2023-02-21 10:12:41 [main] Log - 3. Running adminPage
[INFO ] 2023-02-21 10:12:41 [main] Log -  - Navigate to Admin Page!
[INFO ] 2023-02-21 10:12:43 [main] Log -  - Clicking Add User Button!
[INFO ] 2023-02-21 10:12:45 [main] Log -  - Adding User Button!
[INFO ] 2023-02-21 10:12:47 [main] Log -  - Sending Employee Name
[INFO ] 2023-02-21 10:12:47 [main] Log - #######  Testcase is failed: adminPage #######
[INFO ] 2023-02-21 10:12:47 [main] Log -   Screenshot taken: adminPage
[INFO ] 2023-02-21 10:12:48 [main] Log - 
[INFO ] 2023-02-21 10:12:48 [main] Log - ################### Running Completed! ###################
[INFO ] 2023-02-21 21:58:34 [main] Log - ################### Starting automation Test! ###################
[INFO ] 2023-02-21 21:59:08 [main] Log - #######  Testcase is skipped: login #######
[INFO ] 2023-02-21 21:59:08 [main] Log - 
[INFO ] 2023-02-21 21:59:08 [main] Log - ################### Running Completed! ###################
[INFO ] 2023-02-21 21:59:37 [main] Log - ################### Starting automation Test! ###################
[INFO ] 2023-02-21 22:00:11 [main] Log - #######  Testcase is skipped: login #######
[INFO ] 2023-02-21 22:00:11 [main] Log - 
[INFO ] 2023-02-21 22:00:11 [main] Log - ################### Running Completed! ###################
[INFO ] 2023-02-21 22:00:23 [main] Log - ################### Starting automation Test! ###################
[INFO ] 2023-02-21 22:01:01 [main] Log - #######  Testcase is skipped: login #######
[INFO ] 2023-02-21 22:01:01 [main] Log - 
[INFO ] 2023-02-21 22:01:01 [main] Log - ################### Running Completed! ###################
[INFO ] 2023-02-21 22:01:42 [main] Log - ################### Starting automation Test! ###################
[INFO ] 2023-02-21 22:01:53 [main] Log - 1. Running Login
[INFO ] 2023-02-21 22:01:53 [main] Log -  - Nhập username
[INFO ] 2023-02-21 22:02:24 [main] Log - #######  Testcase is failed: login #######
[INFO ] 2023-02-21 22:02:25 [main] Log -   Screenshot taken: login
[INFO ] 2023-02-21 22:02:25 [main] Log - 
[INFO ] 2023-02-21 22:02:25 [main] Log - ################### Running Completed! ###################
[INFO ] 2023-02-21 22:15:34 [main] Log - [%-5level] %d{yyyy-MM-dd HH:mm:ss} [%t] %c{1} -################### Starting automation Test! ###################
[INFO ] 2023-02-21 22:16:08 [main] Log - [%-5level] %d{yyyy-MM-dd HH:mm:ss} [%t] %c{1} -#######  Testcase is skipped: login #######
[INFO ] 2023-02-21 22:16:08 [main] Log - [%-5level] %d{yyyy-MM-dd HH:mm:ss} [%t] %c{1} -
[INFO ] 2023-02-21 22:16:08 [main] Log - [%-5level] %d{yyyy-MM-dd HH:mm:ss} [%t] %c{1} -################### Running Completed! ###################
[INFO ] 2023-02-21 22:23:49 [main] Log - ################### Starting automation Test! ###################
[INFO ] 2023-02-21 22:24:23 [main] Log - #######  Testcase is skipped: login #######
[INFO ] 2023-02-21 22:24:23 [main] Log - 
[INFO ] 2023-02-21 22:24:23 [main] Log - ################### Running Completed! ###################
[INFO ] 2023-02-21 22:26:40 [main] Log - ################### Starting automation Test! ###################
[INFO ] 2023-02-21 22:27:14 [main] Log - #######  Testcase is skipped: login #######
[INFO ] 2023-02-21 22:27:14 [main] Log - 
[INFO ] 2023-02-21 22:27:14 [main] Log - ################### Running Completed! ###################
[INFO ] 2023-02-21 22:28:36 [main] Log - ################### Starting automation Test! ###################
[INFO ] 2023-02-21 22:29:10 [main] Log - #######  Testcase is skipped: login #######
[INFO ] 2023-02-21 22:29:10 [main] Log - 
[INFO ] 2023-02-21 22:29:10 [main] Log - ################### Running Completed! ###################
[INFO ] 2023-02-21 22:30:20 [main] Log - ################### Starting automation Test! ###################
[INFO ] 2023-02-21 22:30:54 [main] Log - #######  Testcase is skipped: login #######
[INFO ] 2023-02-21 22:30:54 [main] Log - 
[INFO ] 2023-02-21 22:30:54 [main] Log - ################### Running Completed! ###################
[INFO ] 2023-02-21 22:32:22 [main] Log - ################### Starting automation Test! ###################
[INFO ] 2023-02-21 22:32:56 [main] Log - #######  Testcase is skipped: login #######
[INFO ] 2023-02-21 22:32:56 [main] Log - #######  Testcase is skipped: pimPage #######
[INFO ] 2023-02-21 22:32:56 [main] Log - #######  Testcase is skipped: adminPage #######
[INFO ] 2023-02-21 22:32:56 [main] Log - 
[INFO ] 2023-02-21 22:32:56 [main] Log - ################### Running Completed! ###################
[INFO ] 2023-02-21 22:35:25 [main] Log - ################### Starting automation Test! ###################
[INFO ] 2023-02-21 22:35:46 [main] Log - ################### Starting automation Test! ###################
[INFO ] 2023-02-21 22:36:20 [main] Log - #######  Testcase is skipped: login #######
[INFO ] 2023-02-21 22:36:20 [main] Log - 
[INFO ] 2023-02-21 22:36:20 [main] Log - ################### Running Completed! ###################
